<?xml version="1.0" encoding="UTF-8"?>
<!-- Generated by org.testng.reporters.JUnitXMLReporter -->
<testsuite ignored="0" hostname="DESKTOP-NHPHHM1" failures="1" tests="2" name="Test" time="84.34" errors="0" timestamp="2024-11-29T14:43:06 IST">
  <testcase classname="qa.tests.TestCase1" name="sampleMethodForEnteringCredentials" time="4.224">
    <skipped/>
  </testcase> <!-- sampleMethodForEnteringCredentials -->
  <testcase classname="qa.tests.TestCase1" name="sampleMethodForEnteringCredentials" time="4.091">
    <failure type="java.lang.AssertionError" message="Element not found expected [true] but found [false]">
      <![CDATA[java.lang.AssertionError: Element not found expected [true] but found [false]
at pageEvents.LoginPageEvents.verifyIfLoginPageIsLoaded(LoginPageEvents.java:11)
at qa.tests.TestCase1.sampleMethodForEnteringCredentials(TestCase1.java:18)
at java.base/java.util.ArrayList.forEach(ArrayList.java:1511)
... Removed 30 stack frames]]>
    </failure>
  </testcase> <!-- sampleMethodForEnteringCredentials -->
</testsuite> <!-- Test -->
